<?xml version="1.0" encoding="UTF-8"?>
<!-- Generated by org.testng.reporters.JUnitReportReporter -->
<testsuite name="java_practice1.Assertion" tests="1" time="0.023" ignored="0" failures="0" timestamp="30 Jan 2017 10:09:55 GMT" skipped="0" hostname="karishma-PC" errors="0">
  <testcase name="compare" time="0.023" classname="java_practice1.Assertion"/>
</testsuite> <!-- java_practice1.Assertion -->
